git-lfs/3.5.1 (GitHub; windows amd64; go 1.21.7; git e237bb3a)
git version 2.46.0.windows.1

$ git-lfs prune
Prune error: Git can't resolve ref: "HEAD"

Git can't resolve ref: "HEAD"

Current time in UTC:
2025-05-02 13:26:38

Environment:
LocalWorkingDir=
LocalGitDir=
LocalGitStorageDir=
LocalMediaDir=lfs\objects
LocalReferenceDirs=
TempDir=lfs\tmp
ConcurrentTransfers=8
TusTransfers=false
BasicTransfersOnly=false
SkipDownloadErrors=false
FetchRecentAlways=false
FetchRecentRefsDays=7
FetchRecentCommitsDays=0
FetchRecentRefsIncludeRemotes=true
PruneOffsetDays=3
PruneVerifyRemoteAlways=false
PruneVerifyUnreachableAlways=false
PruneRemoteName=origin
LfsStorageDir=lfs
AccessDownload=none
AccessUpload=none
DownloadTransfers=basic,lfs-standalone-file,ssh
UploadTransfers=basic,lfs-standalone-file,ssh
GIT_EXEC_PATH=C:/Program Files/Git/mingw64/libexec/git-core
GIT_LFS_PATH=C:\Program Files\Git LFS

Client IP addresses:
fe80::2111:7ddb:10eb:c23e 10.0.0.6
