git-lfs/3.5.1 (GitHub; windows amd64; go 1.21.7; git e237bb3a)
git version 2.46.0.windows.1

$ git-lfs prune
Prune error: Git can't resolve ref: "HEAD"
Prune error: Git can't resolve ref: "HEAD"
Prune error: error in `git log`: exit status 128 fatal: not a git repository (or any of the parent directories): .git


error in `git log`: exit status 128 fatal: not a git repository (or any of the parent directories): .git

github.com/git-lfs/git-lfs/v3/errors.New
	github.com/git-lfs/git-lfs/v3/errors/errors.go:62
github.com/git-lfs/git-lfs/v3/lfs.parseScannerLogOutput.func1
	github.com/git-lfs/git-lfs/v3/lfs/gitscanner_log.go:154
runtime.goexit
	runtime/asm_amd64.s:1650

Current time in UTC:
2025-05-02 13:26:38

Environment:
LocalWorkingDir=
LocalGitDir=
LocalGitStorageDir=
LocalMediaDir=lfs\objects
LocalReferenceDirs=
TempDir=lfs\tmp
ConcurrentTransfers=8
TusTransfers=false
BasicTransfersOnly=false
SkipDownloadErrors=false
FetchRecentAlways=false
FetchRecentRefsDays=7
FetchRecentCommitsDays=0
FetchRecentRefsIncludeRemotes=true
PruneOffsetDays=3
PruneVerifyRemoteAlways=false
PruneVerifyUnreachableAlways=false
PruneRemoteName=origin
LfsStorageDir=lfs
AccessDownload=none
AccessUpload=none
DownloadTransfers=basic,lfs-standalone-file,ssh
UploadTransfers=basic,lfs-standalone-file,ssh
GIT_EXEC_PATH=C:/Program Files/Git/mingw64/libexec/git-core
GIT_LFS_PATH=C:\Program Files\Git LFS

Client IP addresses:
fe80::2111:7ddb:10eb:c23e 10.0.0.6
